Flutter crash report.
Please report a bug at https://github.com/flutter/flutter/issues.

## command

flutter run --machine --start-paused -d emulator-5554 --devtools-server-address http://127.0.0.1:9102/ --target /Users/karam/Documents/github/Garage-App-MVVM/lib/main.dart

## exception

FormatException: FormatException: Unexpected character (at character 1)
Failed to start the Dart CLI isolate. Could not resolve DartDev snapshot or...
^


```
#0      _ChunkedJsonParser.fail (dart:convert-patch/convert_patch.dart:1457:5)
#1      _ChunkedJsonParser.parseNumber (dart:convert-patch/convert_patch.dart:1324:9)
#2      _ChunkedJsonParser.parse (dart:convert-patch/convert_patch.dart:927:22)
#3      _JsonStringDecoderSink.addSlice (dart:convert-patch/convert_patch.dart:1544:13)
#4      _JsonStringDecoderSink.add (dart:convert-patch/convert_patch.dart:1549:5)
#5      _ConverterStreamEventSink.add (dart:convert/chunked_conversion.dart:69:18)
#6      _SinkTransformerStreamSubscription._handleData (dart:async/stream_transformers.dart:111:24)
#7      _rootRunUnary (dart:async/zone.dart:1422:47)
#8      _CustomZone.runUnary (dart:async/zone.dart:1324:19)
#9      _CustomZone.runUnaryGuarded (dart:async/zone.dart:1233:7)
#10     _BufferingStreamSubscription._sendData (dart:async/stream_impl.dart:366:11)
#11     _BufferingStreamSubscription._add (dart:async/stream_impl.dart:297:7)
#12     _SinkTransformerStreamSubscription._add (dart:async/stream_transformers.dart:63:11)
#13     _EventSinkWrapper.add (dart:async/stream_transformers.dart:13:11)
#14     _StringAdapterSink.add (dart:convert/string_conversion.dart:228:11)
#15     _StringAdapterSink.addSlice (dart:convert/string_conversion.dart:233:7)
#16     _Utf8ConversionSink.addSlice (dart:convert/string_conversion.dart:307:20)
#17     _Utf8ConversionSink.add (dart:convert/string_conversion.dart:300:5)
#18     _ConverterStreamEventSink.add (dart:convert/chunked_conversion.dart:69:18)
#19     _SinkTransformerStreamSubscription._handleData (dart:async/stream_transformers.dart:111:24)
#20     _rootRunUnary (dart:async/zone.dart:1422:47)
#21     _CustomZone.runUnary (dart:async/zone.dart:1324:19)
#22     _CustomZone.runUnaryGuarded (dart:async/zone.dart:1233:7)
#23     _BufferingStreamSubscription._sendData (dart:async/stream_impl.dart:366:11)
#24     _BufferingStreamSubscription._add (dart:async/stream_impl.dart:297:7)
#25     _SyncStreamControllerDispatch._sendData (dart:async/stream_controller.dart:777:19)
#26     _StreamController._add (dart:async/stream_controller.dart:651:7)
#27     _StreamController.add (dart:async/stream_controller.dart:606:5)
#28     _Socket._onData (dart:io-patch/socket_patch.dart:2455:41)
#29     _rootRunUnary (dart:async/zone.dart:1430:13)
#30     _CustomZone.runUnary (dart:async/zone.dart:1324:19)
#31     _CustomZone.runUnaryGuarded (dart:async/zone.dart:1233:7)
#32     _BufferingStreamSubscription._sendData (dart:async/stream_impl.dart:366:11)
#33     _BufferingStreamSubscription._add (dart:async/stream_impl.dart:297:7)
#34     _SyncStreamControllerDispatch._sendData (dart:async/stream_controller.dart:777:19)
#35     _StreamController._add (dart:async/stream_controller.dart:651:7)
#36     _StreamController.add (dart:async/stream_controller.dart:606:5)
#37     new _RawSocket.<anonymous closure> (dart:io-patch/socket_patch.dart:1942:33)
#38     _NativeSocket.issueReadEvent.issue (dart:io-patch/socket_patch.dart:1385:14)
#39     _microtaskLoop (dart:async/schedule_microtask.dart:40:21)
#40     _startMicrotaskLoop (dart:async/schedule_microtask.dart:49:5)
#41     _runPendingImmediateCallback (dart:isolate-patch/isolate_patch.dart:118:13)
#42     _RawReceivePort._handleMessage (dart:isolate-patch/isolate_patch.dart:185:5)
```

## flutter doctor

```
[!] Flutter (Channel stable, 3.27.4, on macOS 15.2 24C101 darwin-arm64, locale en-IQ)
    • Flutter version 3.27.4 on channel stable at /Users/karam/flutter
    ! Warning: `dart` on your path resolves to /opt/homebrew/Cellar/dart/3.5.3/libexec/bin/dart, which is not inside your current Flutter SDK checkout at /Users/karam/flutter. Consider adding /Users/karam/flutter/bin to the front of your path.
    • Upstream repository https://github.com/flutter/flutter.git
    • Framework revision d8a9f9a52e (2 weeks ago), 2025-01-31 16:07:18 -0500
    • Engine revision 82bd5b7209
    • Dart version 3.6.2
    • DevTools version 2.40.3
    • If those were intentional, you can disregard the above warnings; however it is recommended to use "git" directly to perform update checks and upgrades.

[✓] Android toolchain - develop for Android devices (Android SDK version 35.0.0)
    • Android SDK at /Users/karam/Library/Android/sdk
    • Platform android-35, build-tools 35.0.0
    • Java binary at: /Applications/Android Studio.app/Contents/jbr/Contents/Home/bin/java
    • Java version OpenJDK Runtime Environment (build 17.0.10+0-17.0.10b1087.21-11609105)
    • All Android licenses accepted.

[✓] Xcode - develop for iOS and macOS (Xcode 16.2)
    • Xcode at /Applications/Xcode.app/Contents/Developer
    • Build 16C5032a
    • CocoaPods version 1.15.2

[✓] Chrome - develop for the web
    • Chrome at /Applications/Google Chrome.app/Contents/MacOS/Google Chrome

[✓] Android Studio (version 2024.1)
    • Android Studio at /Applications/Android Studio.app/Contents
    • Flutter plugin can be installed from:
      🔨 https://plugins.jetbrains.com/plugin/9212-flutter
    • Dart plugin can be installed from:
      🔨 https://plugins.jetbrains.com/plugin/6351-dart
    • Java version OpenJDK Runtime Environment (build 17.0.10+0-17.0.10b1087.21-11609105)

[✓] VS Code (version 1.97.1)
    • VS Code at /Applications/Visual Studio Code.app/Contents
    • Flutter extension version 3.104.0

[✓] Connected device (4 available)
    • sdk gphone64 arm64 (mobile)     • emulator-5554         • android-arm64  • Android 12 (API 31) (emulator)
    • macOS (desktop)                 • macos                 • darwin-arm64   • macOS 15.2 24C101 darwin-arm64
    • Mac Designed for iPad (desktop) • mac-designed-for-ipad • darwin         • macOS 15.2 24C101 darwin-arm64
    • Chrome (web)                    • chrome                • web-javascript • Google Chrome 133.0.6943.54
    ! Error: Browsing on the local area network for iPad. Ensure the device is unlocked and attached with a cable or associated with the same local area network as this Mac.
      The device must be opted into Developer Mode to connect wirelessly. (code -27)

[✓] Network resources
    • All expected network resources are available.

! Doctor found issues in 1 category.
```
